<?xml version="1.0" encoding="UTF-8"?>
<!-- Generated by org.testng.reporters.JUnitXMLReporter -->
<testsuite ignored="0" hostname="LAPTOP-4CH3PME9" failures="0" tests="1" name="loginTest" time="9.561" errors="0" timestamp="2023-03-13T13:40:30 IST">
  <testcase classname="Test_Utility.loginTest" name="@BeforeTest launchurl" time="9.492">
    <failure type="org.openqa.selenium.SessionNotCreatedException" message="session not created: This version of ChromeDriver only supports Chrome version 107
Current browser version is 110.0.5481.180 with binary path C:\Program Files\Google\Chrome\Application\chrome.exe
Build info: version: &amp;apos;3.141.59&amp;apos;, revision: &amp;apos;e82be7d358&amp;apos;, time: &amp;apos;2018-11-14T08:25:48&amp;apos;
System info: host: &amp;apos;LAPTOP-4CH3PME9&amp;apos;, ip: &amp;apos;192.168.147.19&amp;apos;, os.name: &amp;apos;Windows 10&amp;apos;, os.arch: &amp;apos;amd64&amp;apos;, os.version: &amp;apos;10.0&amp;apos;, java.version: &amp;apos;17.0.1&amp;apos;
Driver info: driver.version: ChromeDriver
remote stacktrace: Backtrace:
	Ordinal0 [0x0111ACD3+2075859]
	Ordinal0 [0x010AEE61+1633889]
	Ordinal0 [0x00FAB7BD+571325]
	Ordinal0 [0x00FCDFCD+712653]
	Ordinal0 [0x00FC9266+692838]
	Ordinal0 [0x00FC6BE9+682985]
	Ordinal0 [0x00FFDBD3+908243]
	Ordinal0 [0x00FFD6AA+906922]
	Ordinal0 [0x00FF7136+880950]
	Ordinal0 [0x00FCFEFD+720637]
	Ordinal0 [0x00FD0F3F+724799]
	GetHandleVerifier [0x013CEED2+2769538]
	GetHandleVerifier [0x013C0D95+2711877]
	GetHandleVerifier [0x011AA03A+521194]
	GetHandleVerifier [0x011A8DA0+516432]
	Ordinal0 [0x010B682C+1665068]
	Ordinal0 [0x010BB128+1683752]
	Ordinal0 [0x010BB215+1683989]
	Ordinal0 [0x010C6484+1729668]
	BaseThreadInitThunk [0x76A26BD9+25]
	RtlGetFullPathName_UEx [0x77D28FD2+1218]
	RtlGetFullPathName_UEx [0x77D28F9D+1165]
">
      <![CDATA[org.openqa.selenium.SessionNotCreatedException: session not created: This version of ChromeDriver only supports Chrome version 107
Current browser version is 110.0.5481.180 with binary path C:\Program Files\Google\Chrome\Application\chrome.exe
Build info: version: '3.141.59', revision: 'e82be7d358', time: '2018-11-14T08:25:48'
System info: host: 'LAPTOP-4CH3PME9', ip: '192.168.147.19', os.name: 'Windows 10', os.arch: 'amd64', os.version: '10.0', java.version: '17.0.1'
Driver info: driver.version: ChromeDriver
remote stacktrace: Backtrace:
Ordinal0 [0x0111ACD3+2075859]
Ordinal0 [0x010AEE61+1633889]
Ordinal0 [0x00FAB7BD+571325]
Ordinal0 [0x00FCDFCD+712653]
Ordinal0 [0x00FC9266+692838]
Ordinal0 [0x00FC6BE9+682985]
Ordinal0 [0x00FFDBD3+908243]
Ordinal0 [0x00FFD6AA+906922]
Ordinal0 [0x00FF7136+880950]
Ordinal0 [0x00FCFEFD+720637]
Ordinal0 [0x00FD0F3F+724799]
GetHandleVerifier [0x013CEED2+2769538]
GetHandleVerifier [0x013C0D95+2711877]
GetHandleVerifier [0x011AA03A+521194]
GetHandleVerifier [0x011A8DA0+516432]
Ordinal0 [0x010B682C+1665068]
Ordinal0 [0x010BB128+1683752]
Ordinal0 [0x010BB215+1683989]
Ordinal0 [0x010C6484+1729668]
BaseThreadInitThunk [0x76A26BD9+25]
RtlGetFullPathName_UEx [0x77D28FD2+1218]
RtlGetFullPathName_UEx [0x77D28F9D+1165]

at org.openqa.selenium.remote.W3CHandshakeResponse.lambda$errorHandler$0(W3CHandshakeResponse.java:62)
at org.openqa.selenium.remote.HandshakeResponse.lambda$getResponseFunction$0(HandshakeResponse.java:30)
at org.openqa.selenium.remote.ProtocolHandshake.lambda$createSession$0(ProtocolHandshake.java:126)
at java.base/java.util.stream.ReferencePipeline$3$1.accept(ReferencePipeline.java:197)
at java.base/java.util.Spliterators$ArraySpliterator.tryAdvance(Spliterators.java:1002)
at java.base/java.util.stream.ReferencePipeline.forEachWithCancel(ReferencePipeline.java:129)
at java.base/java.util.stream.AbstractPipeline.copyIntoWithCancel(AbstractPipeline.java:527)
at java.base/java.util.stream.AbstractPipeline.copyInto(AbstractPipeline.java:513)
at java.base/java.util.stream.AbstractPipeline.wrapAndCopyInto(AbstractPipeline.java:499)
at java.base/java.util.stream.FindOps$FindOp.evaluateSequential(FindOps.java:150)
at java.base/java.util.stream.AbstractPipeline.evaluate(AbstractPipeline.java:234)
at java.base/java.util.stream.ReferencePipeline.findFirst(ReferencePipeline.java:647)
at org.openqa.selenium.remote.ProtocolHandshake.createSession(ProtocolHandshake.java:128)
at org.openqa.selenium.remote.ProtocolHandshake.createSession(ProtocolHandshake.java:74)
at org.openqa.selenium.remote.HttpCommandExecutor.execute(HttpCommandExecutor.java:136)
at org.openqa.selenium.remote.service.DriverCommandExecutor.execute(DriverCommandExecutor.java:83)
at org.openqa.selenium.remote.RemoteWebDriver.execute(RemoteWebDriver.java:552)
at org.openqa.selenium.remote.RemoteWebDriver.startSession(RemoteWebDriver.java:213)
at org.openqa.selenium.remote.RemoteWebDriver.<init>(RemoteWebDriver.java:131)
at org.openqa.selenium.chrome.ChromeDriver.<init>(ChromeDriver.java:181)
at org.openqa.selenium.chrome.ChromeDriver.<init>(ChromeDriver.java:168)
at org.openqa.selenium.chrome.ChromeDriver.<init>(ChromeDriver.java:123)
at Base_Utility.Base_library.getLauncher(Base_library.java:58)
at Test_Utility.loginTest.launchurl(loginTest.java:19)
... Removed 29 stack frames]]>
    </failure>
  </testcase> <!-- @BeforeTest launchurl -->
  <testcase classname="Test_Utility.loginTest" name="getTitel" time="0.0">
    <skipped/>
  </testcase> <!-- getTitel -->
</testsuite> <!-- loginTest -->
