<?xml version="1.0" encoding="UTF-8"?>
<!-- Generated by org.testng.reporters.JUnitReportReporter -->
<testsuite hostname="LAPTOP-4CH3PME9" failures="0" tests="4" name="Test_Utility.loginTest" time="14.727" errors="2" timestamp="2023-03-13T13:40:38 IST" skipped="2">
  <testcase classname="Test_Utility.loginTest" name="launchurl" time="5.235">
    <error message="session not created: This version of ChromeDriver only supports Chrome version 107
Current browser version is 110.0.5481.180 with binary path C:\Program Files\Google\Chrome\Application\chrome.exe
Build info: version: &#039;3.141.59&#039;, revision: &#039;e82be7d358&#039;, time: &#039;2018-11-14T08:25:48&#039;
System info: host: &#039;LAPTOP-4CH3PME9&#039;, ip: &#039;192.168.147.19&#039;, os.name: &#039;Windows 10&#039;, os.arch: &#039;amd64&#039;, os.version: &#039;10.0&#039;, java.version: &#039;17.0.1&#039;
Driver info: driver.version: ChromeDriver
remote stacktrace: Backtrace:
	Ordinal0 [0x0111ACD3+2075859]
	Ordinal0 [0x010AEE61+1633889]
	Ordinal0 [0x00FAB7BD+571325]
	Ordinal0 [0x00FCDFCD+712653]
	Ordinal0 [0x00FC9266+692838]
	Ordinal0 [0x00FC6BE9+682985]
	Ordinal0 [0x00FFDBD3+908243]
	Ordinal0 [0x00FFD6AA+906922]
	Ordinal0 [0x00FF7136+880950]
	Ordinal0 [0x00FCFEFD+720637]
	Ordinal0 [0x00FD0F3F+724799]
	GetHandleVerifier [0x013CEED2+2769538]
	GetHandleVerifier [0x013C0D95+2711877]
	GetHandleVerifier [0x011AA03A+521194]
	GetHandleVerifier [0x011A8DA0+516432]
	Ordinal0 [0x010B682C+1665068]
	Ordinal0 [0x010BB128+1683752]
	Ordinal0 [0x010BB215+1683989]
	Ordinal0 [0x010C6484+1729668]
	BaseThreadInitThunk [0x76A26BD9+25]
	RtlGetFullPathName_UEx [0x77D28FD2+1218]
	RtlGetFullPathName_UEx [0x77D28F9D+1165]
" type="org.openqa.selenium.SessionNotCreatedException">
      <![CDATA[org.openqa.selenium.SessionNotCreatedException: session not created: This version of ChromeDriver only supports Chrome version 107
Current browser version is 110.0.5481.180 with binary path C:\Program Files\Google\Chrome\Application\chrome.exe
Build info: version: '3.141.59', revision: 'e82be7d358', time: '2018-11-14T08:25:48'
System info: host: 'LAPTOP-4CH3PME9', ip: '192.168.147.19', os.name: 'Windows 10', os.arch: 'amd64', os.version: '10.0', java.version: '17.0.1'
Driver info: driver.version: ChromeDriver
remote stacktrace: Backtrace:
Ordinal0 [0x0111ACD3+2075859]
Ordinal0 [0x010AEE61+1633889]
Ordinal0 [0x00FAB7BD+571325]
Ordinal0 [0x00FCDFCD+712653]
Ordinal0 [0x00FC9266+692838]
Ordinal0 [0x00FC6BE9+682985]
Ordinal0 [0x00FFDBD3+908243]
Ordinal0 [0x00FFD6AA+906922]
Ordinal0 [0x00FF7136+880950]
Ordinal0 [0x00FCFEFD+720637]
Ordinal0 [0x00FD0F3F+724799]
GetHandleVerifier [0x013CEED2+2769538]
GetHandleVerifier [0x013C0D95+2711877]
GetHandleVerifier [0x011AA03A+521194]
GetHandleVerifier [0x011A8DA0+516432]
Ordinal0 [0x010B682C+1665068]
Ordinal0 [0x010BB128+1683752]
Ordinal0 [0x010BB215+1683989]
Ordinal0 [0x010C6484+1729668]
BaseThreadInitThunk [0x76A26BD9+25]
RtlGetFullPathName_UEx [0x77D28FD2+1218]
RtlGetFullPathName_UEx [0x77D28F9D+1165]

at java.base/jdk.internal.reflect.NativeConstructorAccessorImpl.newInstance0(Native Method)
at java.base/jdk.internal.reflect.NativeConstructorAccessorImpl.newInstance(NativeConstructorAccessorImpl.java:77)
at java.base/jdk.internal.reflect.DelegatingConstructorAccessorImpl.newInstance(DelegatingConstructorAccessorImpl.java:45)
at java.base/java.lang.reflect.Constructor.newInstanceWithCaller(Constructor.java:499)
at java.base/java.lang.reflect.Constructor.newInstance(Constructor.java:480)
at org.openqa.selenium.remote.W3CHandshakeResponse.lambda$errorHandler$0(W3CHandshakeResponse.java:62)
at org.openqa.selenium.remote.HandshakeResponse.lambda$getResponseFunction$0(HandshakeResponse.java:30)
at org.openqa.selenium.remote.ProtocolHandshake.lambda$createSession$0(ProtocolHandshake.java:126)
at java.base/java.util.stream.ReferencePipeline$3$1.accept(ReferencePipeline.java:197)
at java.base/java.util.Spliterators$ArraySpliterator.tryAdvance(Spliterators.java:1002)
at java.base/java.util.stream.ReferencePipeline.forEachWithCancel(ReferencePipeline.java:129)
at java.base/java.util.stream.AbstractPipeline.copyIntoWithCancel(AbstractPipeline.java:527)
at java.base/java.util.stream.AbstractPipeline.copyInto(AbstractPipeline.java:513)
at java.base/java.util.stream.AbstractPipeline.wrapAndCopyInto(AbstractPipeline.java:499)
at java.base/java.util.stream.FindOps$FindOp.evaluateSequential(FindOps.java:150)
at java.base/java.util.stream.AbstractPipeline.evaluate(AbstractPipeline.java:234)
at java.base/java.util.stream.ReferencePipeline.findFirst(ReferencePipeline.java:647)
at org.openqa.selenium.remote.ProtocolHandshake.createSession(ProtocolHandshake.java:128)
at org.openqa.selenium.remote.ProtocolHandshake.createSession(ProtocolHandshake.java:74)
at org.openqa.selenium.remote.HttpCommandExecutor.execute(HttpCommandExecutor.java:136)
at org.openqa.selenium.remote.service.DriverCommandExecutor.execute(DriverCommandExecutor.java:83)
at org.openqa.selenium.remote.RemoteWebDriver.execute(RemoteWebDriver.java:552)
at org.openqa.selenium.remote.RemoteWebDriver.startSession(RemoteWebDriver.java:213)
at org.openqa.selenium.remote.RemoteWebDriver.<init>(RemoteWebDriver.java:131)
at org.openqa.selenium.chrome.ChromeDriver.<init>(ChromeDriver.java:181)
at org.openqa.selenium.chrome.ChromeDriver.<init>(ChromeDriver.java:168)
at org.openqa.selenium.chrome.ChromeDriver.<init>(ChromeDriver.java:123)
at Base_Utility.Base_library.getLauncher(Base_library.java:58)
at Test_Utility.loginTest.launchurl(loginTest.java:19)
at java.base/jdk.internal.reflect.NativeMethodAccessorImpl.invoke0(Native Method)
at java.base/jdk.internal.reflect.NativeMethodAccessorImpl.invoke(NativeMethodAccessorImpl.java:77)
at java.base/jdk.internal.reflect.DelegatingMethodAccessorImpl.invoke(DelegatingMethodAccessorImpl.java:43)
at java.base/java.lang.reflect.Method.invoke(Method.java:568)
at org.testng.internal.MethodInvocationHelper.invokeMethod(MethodInvocationHelper.java:133)
at org.testng.internal.MethodInvocationHelper.invokeMethodConsideringTimeout(MethodInvocationHelper.java:62)
at org.testng.internal.ConfigInvoker.invokeConfigurationMethod(ConfigInvoker.java:385)
at org.testng.internal.ConfigInvoker.invokeConfigurations(ConfigInvoker.java:321)
at org.testng.TestRunner.invokeTestConfigurations(TestRunner.java:637)
at org.testng.TestRunner.beforeRun(TestRunner.java:627)
at org.testng.TestRunner.run(TestRunner.java:589)
at org.testng.SuiteRunner.runTest(SuiteRunner.java:377)
at org.testng.SuiteRunner.runSequentially(SuiteRunner.java:371)
at org.testng.SuiteRunner.privateRun(SuiteRunner.java:332)
at org.testng.SuiteRunner.run(SuiteRunner.java:276)
at org.testng.SuiteRunnerWorker.runSuite(SuiteRunnerWorker.java:53)
at org.testng.SuiteRunnerWorker.run(SuiteRunnerWorker.java:96)
at org.testng.TestNG.runSuitesSequentially(TestNG.java:1212)
at org.testng.TestNG.runSuitesLocally(TestNG.java:1134)
at org.testng.TestNG.runSuites(TestNG.java:1063)
at org.testng.TestNG.run(TestNG.java:1031)
at org.testng.remote.AbstractRemoteTestNG.run(AbstractRemoteTestNG.java:115)
at org.testng.remote.RemoteTestNG.initAndRun(RemoteTestNG.java:251)
at org.testng.remote.RemoteTestNG.main(RemoteTestNG.java:77)
]]>
    </error>
  </testcase> <!-- launchurl -->
  <system-out/>
  <testcase classname="Test_Utility.loginTest" name="launchurl" time="9.492">
    <error message="session not created: This version of ChromeDriver only supports Chrome version 107
Current browser version is 110.0.5481.180 with binary path C:\Program Files\Google\Chrome\Application\chrome.exe
Build info: version: &#039;3.141.59&#039;, revision: &#039;e82be7d358&#039;, time: &#039;2018-11-14T08:25:48&#039;
System info: host: &#039;LAPTOP-4CH3PME9&#039;, ip: &#039;192.168.147.19&#039;, os.name: &#039;Windows 10&#039;, os.arch: &#039;amd64&#039;, os.version: &#039;10.0&#039;, java.version: &#039;17.0.1&#039;
Driver info: driver.version: ChromeDriver
remote stacktrace: Backtrace:
	Ordinal0 [0x0111ACD3+2075859]
	Ordinal0 [0x010AEE61+1633889]
	Ordinal0 [0x00FAB7BD+571325]
	Ordinal0 [0x00FCDFCD+712653]
	Ordinal0 [0x00FC9266+692838]
	Ordinal0 [0x00FC6BE9+682985]
	Ordinal0 [0x00FFDBD3+908243]
	Ordinal0 [0x00FFD6AA+906922]
	Ordinal0 [0x00FF7136+880950]
	Ordinal0 [0x00FCFEFD+720637]
	Ordinal0 [0x00FD0F3F+724799]
	GetHandleVerifier [0x013CEED2+2769538]
	GetHandleVerifier [0x013C0D95+2711877]
	GetHandleVerifier [0x011AA03A+521194]
	GetHandleVerifier [0x011A8DA0+516432]
	Ordinal0 [0x010B682C+1665068]
	Ordinal0 [0x010BB128+1683752]
	Ordinal0 [0x010BB215+1683989]
	Ordinal0 [0x010C6484+1729668]
	BaseThreadInitThunk [0x76A26BD9+25]
	RtlGetFullPathName_UEx [0x77D28FD2+1218]
	RtlGetFullPathName_UEx [0x77D28F9D+1165]
" type="org.openqa.selenium.SessionNotCreatedException">
      <![CDATA[org.openqa.selenium.SessionNotCreatedException: session not created: This version of ChromeDriver only supports Chrome version 107
Current browser version is 110.0.5481.180 with binary path C:\Program Files\Google\Chrome\Application\chrome.exe
Build info: version: '3.141.59', revision: 'e82be7d358', time: '2018-11-14T08:25:48'
System info: host: 'LAPTOP-4CH3PME9', ip: '192.168.147.19', os.name: 'Windows 10', os.arch: 'amd64', os.version: '10.0', java.version: '17.0.1'
Driver info: driver.version: ChromeDriver
remote stacktrace: Backtrace:
Ordinal0 [0x0111ACD3+2075859]
Ordinal0 [0x010AEE61+1633889]
Ordinal0 [0x00FAB7BD+571325]
Ordinal0 [0x00FCDFCD+712653]
Ordinal0 [0x00FC9266+692838]
Ordinal0 [0x00FC6BE9+682985]
Ordinal0 [0x00FFDBD3+908243]
Ordinal0 [0x00FFD6AA+906922]
Ordinal0 [0x00FF7136+880950]
Ordinal0 [0x00FCFEFD+720637]
Ordinal0 [0x00FD0F3F+724799]
GetHandleVerifier [0x013CEED2+2769538]
GetHandleVerifier [0x013C0D95+2711877]
GetHandleVerifier [0x011AA03A+521194]
GetHandleVerifier [0x011A8DA0+516432]
Ordinal0 [0x010B682C+1665068]
Ordinal0 [0x010BB128+1683752]
Ordinal0 [0x010BB215+1683989]
Ordinal0 [0x010C6484+1729668]
BaseThreadInitThunk [0x76A26BD9+25]
RtlGetFullPathName_UEx [0x77D28FD2+1218]
RtlGetFullPathName_UEx [0x77D28F9D+1165]

at java.base/jdk.internal.reflect.NativeConstructorAccessorImpl.newInstance0(Native Method)
at java.base/jdk.internal.reflect.NativeConstructorAccessorImpl.newInstance(NativeConstructorAccessorImpl.java:77)
at java.base/jdk.internal.reflect.DelegatingConstructorAccessorImpl.newInstance(DelegatingConstructorAccessorImpl.java:45)
at java.base/java.lang.reflect.Constructor.newInstanceWithCaller(Constructor.java:499)
at java.base/java.lang.reflect.Constructor.newInstance(Constructor.java:480)
at org.openqa.selenium.remote.W3CHandshakeResponse.lambda$errorHandler$0(W3CHandshakeResponse.java:62)
at org.openqa.selenium.remote.HandshakeResponse.lambda$getResponseFunction$0(HandshakeResponse.java:30)
at org.openqa.selenium.remote.ProtocolHandshake.lambda$createSession$0(ProtocolHandshake.java:126)
at java.base/java.util.stream.ReferencePipeline$3$1.accept(ReferencePipeline.java:197)
at java.base/java.util.Spliterators$ArraySpliterator.tryAdvance(Spliterators.java:1002)
at java.base/java.util.stream.ReferencePipeline.forEachWithCancel(ReferencePipeline.java:129)
at java.base/java.util.stream.AbstractPipeline.copyIntoWithCancel(AbstractPipeline.java:527)
at java.base/java.util.stream.AbstractPipeline.copyInto(AbstractPipeline.java:513)
at java.base/java.util.stream.AbstractPipeline.wrapAndCopyInto(AbstractPipeline.java:499)
at java.base/java.util.stream.FindOps$FindOp.evaluateSequential(FindOps.java:150)
at java.base/java.util.stream.AbstractPipeline.evaluate(AbstractPipeline.java:234)
at java.base/java.util.stream.ReferencePipeline.findFirst(ReferencePipeline.java:647)
at org.openqa.selenium.remote.ProtocolHandshake.createSession(ProtocolHandshake.java:128)
at org.openqa.selenium.remote.ProtocolHandshake.createSession(ProtocolHandshake.java:74)
at org.openqa.selenium.remote.HttpCommandExecutor.execute(HttpCommandExecutor.java:136)
at org.openqa.selenium.remote.service.DriverCommandExecutor.execute(DriverCommandExecutor.java:83)
at org.openqa.selenium.remote.RemoteWebDriver.execute(RemoteWebDriver.java:552)
at org.openqa.selenium.remote.RemoteWebDriver.startSession(RemoteWebDriver.java:213)
at org.openqa.selenium.remote.RemoteWebDriver.<init>(RemoteWebDriver.java:131)
at org.openqa.selenium.chrome.ChromeDriver.<init>(ChromeDriver.java:181)
at org.openqa.selenium.chrome.ChromeDriver.<init>(ChromeDriver.java:168)
at org.openqa.selenium.chrome.ChromeDriver.<init>(ChromeDriver.java:123)
at Base_Utility.Base_library.getLauncher(Base_library.java:58)
at Test_Utility.loginTest.launchurl(loginTest.java:19)
at java.base/jdk.internal.reflect.NativeMethodAccessorImpl.invoke0(Native Method)
at java.base/jdk.internal.reflect.NativeMethodAccessorImpl.invoke(NativeMethodAccessorImpl.java:77)
at java.base/jdk.internal.reflect.DelegatingMethodAccessorImpl.invoke(DelegatingMethodAccessorImpl.java:43)
at java.base/java.lang.reflect.Method.invoke(Method.java:568)
at org.testng.internal.MethodInvocationHelper.invokeMethod(MethodInvocationHelper.java:133)
at org.testng.internal.MethodInvocationHelper.invokeMethodConsideringTimeout(MethodInvocationHelper.java:62)
at org.testng.internal.ConfigInvoker.invokeConfigurationMethod(ConfigInvoker.java:385)
at org.testng.internal.ConfigInvoker.invokeConfigurations(ConfigInvoker.java:321)
at org.testng.TestRunner.invokeTestConfigurations(TestRunner.java:637)
at org.testng.TestRunner.beforeRun(TestRunner.java:627)
at org.testng.TestRunner.run(TestRunner.java:589)
at org.testng.SuiteRunner.runTest(SuiteRunner.java:377)
at org.testng.SuiteRunner.runSequentially(SuiteRunner.java:371)
at org.testng.SuiteRunner.privateRun(SuiteRunner.java:332)
at org.testng.SuiteRunner.run(SuiteRunner.java:276)
at org.testng.SuiteRunnerWorker.runSuite(SuiteRunnerWorker.java:53)
at org.testng.SuiteRunnerWorker.run(SuiteRunnerWorker.java:96)
at org.testng.TestNG.runSuitesSequentially(TestNG.java:1212)
at org.testng.TestNG.runSuitesLocally(TestNG.java:1134)
at org.testng.TestNG.runSuites(TestNG.java:1063)
at org.testng.TestNG.run(TestNG.java:1031)
at org.testng.remote.AbstractRemoteTestNG.run(AbstractRemoteTestNG.java:115)
at org.testng.remote.RemoteTestNG.initAndRun(RemoteTestNG.java:251)
at org.testng.remote.RemoteTestNG.main(RemoteTestNG.java:77)
]]>
    </error>
  </testcase> <!-- launchurl -->
  <system-out/>
  <testcase classname="Test_Utility.loginTest" name="getTitel" time="0.000">
    <skipped/>
  </testcase> <!-- getTitel -->
  <system-out/>
  <testcase classname="Test_Utility.loginTest" name="getTitel" time="0.000">
    <skipped/>
  </testcase> <!-- getTitel -->
  <system-out/>
</testsuite> <!-- Test_Utility.loginTest -->
